# JRE version: OpenJDK Runtime Environment (17.0.11) (build 17.0.11+0--11852314)
# Java VM: OpenJDK 64-Bit Server VM (17.0.11+0--11852314, mixed mode, tiered, compressed oops, compressed class ptrs, g1 gc, windows-amd64)
GC Precious Log:
 CPUs: 4 total, 4 available
 Memory: 8121M
 Large Page Support: Disabled
 NUMA Support: Disabled
 Compressed Oops: Enabled (32-bit)
 Heap Region Size: 1M
 Heap Min Capacity: 8M
 Heap Initial Capacity: 128M
 Heap Max Capacity: 2G
 Pre-touch: Disabled
 Parallel Workers: 4
 Concurrent Workers: 1
 Concurrent Refinement Workers: 4
 Periodic GC: Disabled
Heap:
 garbage-first heap   total 360448K, used 327508K [0x0000000080000000, 0x0000000100000000)
  region size 1024K, 3 young (3072K), 3 survivors (3072K)
 Metaspace       used 119795K, committed 120704K, reserved 1179648K
  class space    used 16145K, committed 16640K, reserved 1048576K
GC Heap History (20 events):
Event: 208.678 GC heap after
{Heap after GC invocations=92 (full 0):
 garbage-first heap   total 252928K, used 181031K [0x0000000080000000, 0x0000000100000000)
  region size 1024K, 4 young (4096K), 4 survivors (4096K)
 Metaspace       used 115280K, committed 116160K, reserved 1179648K
  class space    used 15501K, committed 15936K, reserved 1048576K
}
Event: 215.803 GC heap before
{Heap before GC invocations=92 (full 0):
 garbage-first heap   total 252928K, used 212775K [0x0000000080000000, 0x0000000100000000)
  region size 1024K, 36 young (36864K), 4 survivors (4096K)
 Metaspace       used 115285K, committed 116160K, reserved 1179648K
  class space    used 15501K, committed 15936K, reserved 1048576K
}
Event: 215.813 GC heap after
{Heap after GC invocations=93 (full 0):
 garbage-first heap   total 252928K, used 181377K [0x0000000080000000, 0x0000000100000000)
  region size 1024K, 3 young (3072K), 3 survivors (3072K)
 Metaspace       used 115285K, committed 116160K, reserved 1179648K
  class space    used 15501K, committed 15936K, reserved 1048576K
}
Event: 218.694 GC heap before
{Heap before GC invocations=93 (full 0):
 garbage-first heap   total 252928K, used 220289K [0x0000000080000000, 0x0000000100000000)
  region size 1024K, 36 young (36864K), 3 survivors (3072K)
 Metaspace       used 116224K, committed 117120K, reserved 1179648K
  class space    used 15634K, committed 16064K, reserved 1048576K
}
Event: 218.717 GC heap after
{Heap after GC invocations=94 (full 0):
 garbage-first heap   total 252928K, used 193783K [0x0000000080000000, 0x0000000100000000)
  region size 1024K, 5 young (5120K), 5 survivors (5120K)
 Metaspace       used 116224K, committed 117120K, reserved 1179648K
  class space    used 15634K, committed 16064K, reserved 1048576K
}
Event: 222.094 GC heap before
{Heap before GC invocations=95 (full 0):
 garbage-first heap   total 360448K, used 249079K [0x0000000080000000, 0x0000000100000000)
  region size 1024K, 17 young (17408K), 5 survivors (5120K)
 Metaspace       used 116528K, committed 117440K, reserved 1179648K
  class space    used 15658K, committed 16128K, reserved 1048576K
}
Event: 222.122 GC heap after
{Heap after GC invocations=96 (full 0):
 garbage-first heap   total 360448K, used 248906K [0x0000000080000000, 0x0000000100000000)
  region size 1024K, 3 young (3072K), 3 survivors (3072K)
 Metaspace       used 116528K, committed 117440K, reserved 1179648K
  class space    used 15658K, committed 16128K, reserved 1048576K
}
Event: 229.783 GC heap before
{Heap before GC invocations=96 (full 0):
 garbage-first heap   total 360448K, used 262218K [0x0000000080000000, 0x0000000100000000)
  region size 1024K, 17 young (17408K), 3 survivors (3072K)
 Metaspace       used 118285K, committed 119232K, reserved 1179648K
  class space    used 15916K, committed 16384K, reserved 1048576K
}
Event: 229.795 GC heap after
{Heap after GC invocations=97 (full 0):
 garbage-first heap   total 360448K, used 232730K [0x0000000080000000, 0x0000000100000000)
  region size 1024K, 1 young (1024K), 1 survivors (1024K)
 Metaspace       used 118285K, committed 119232K, reserved 1179648K
  class space    used 15916K, committed 16384K, reserved 1048576K
}
Event: 233.553 GC heap before
{Heap before GC invocations=97 (full 0):
 garbage-first heap   total 360448K, used 346394K [0x0000000080000000, 0x0000000100000000)
  region size 1024K, 35 young (35840K), 1 survivors (1024K)
 Metaspace       used 119790K, committed 120704K, reserved 1179648K
  class space    used 16145K, committed 16640K, reserved 1048576K
}
Event: 233.560 GC heap after
{Heap after GC invocations=98 (full 0):
 garbage-first heap   total 360448K, used 298001K [0x0000000080000000, 0x0000000100000000)
  region size 1024K, 8 young (8192K), 8 survivors (8192K)
 Metaspace       used 119790K, committed 120704K, reserved 1179648K
  class space    used 16145K, committed 16640K, reserved 1048576K
}
Event: 233.636 GC heap before
{Heap before GC invocations=98 (full 0):
 garbage-first heap   total 360448K, used 328721K [0x0000000080000000, 0x0000000100000000)
  region size 1024K, 9 young (9216K), 8 survivors (8192K)
 Metaspace       used 119790K, committed 120704K, reserved 1179648K
  class space    used 16145K, committed 16640K, reserved 1048576K
}
Event: 233.649 GC heap after
{Heap after GC invocations=99 (full 0):
 garbage-first heap   total 360448K, used 291045K [0x0000000080000000, 0x0000000100000000)
  region size 1024K, 1 young (1024K), 1 survivors (1024K)
 Metaspace       used 119790K, committed 120704K, reserved 1179648K
  class space    used 16145K, committed 16640K, reserved 1048576K
}
Event: 233.653 GC heap before
{Heap before GC invocations=99 (full 0):
 garbage-first heap   total 360448K, used 294117K [0x0000000080000000, 0x0000000100000000)
  region size 1024K, 2 young (2048K), 1 survivors (1024K)
 Metaspace       used 119790K, committed 120704K, reserved 1179648K
  class space    used 16145K, committed 16640K, reserved 1048576K
}
Event: 233.656 GC heap after
{Heap after GC invocations=100 (full 0):
 garbage-first heap   total 360448K, used 293100K [0x0000000080000000, 0x0000000100000000)
  region size 1024K, 1 young (1024K), 1 survivors (1024K)
 Metaspace       used 119790K, committed 120704K, reserved 1179648K
  class space    used 16145K, committed 16640K, reserved 1048576K
}
Event: 233.657 GC heap before
{Heap before GC invocations=100 (full 0):
 garbage-first heap   total 360448K, used 295148K [0x0000000080000000, 0x0000000100000000)
  region size 1024K, 1 young (1024K), 1 survivors (1024K)
 Metaspace       used 119790K, committed 120704K, reserved 1179648K
  class space    used 16145K, committed 16640K, reserved 1048576K
}
Event: 233.659 GC heap after
{Heap after GC invocations=101 (full 0):
 garbage-first heap   total 360448K, used 295150K [0x0000000080000000, 0x0000000100000000)
  region size 1024K, 1 young (1024K), 1 survivors (1024K)
 Metaspace       used 119790K, committed 120704K, reserved 1179648K
  class space    used 16145K, committed 16640K, reserved 1048576K
}
Event: 233.724 GC heap before
{Heap before GC invocations=101 (full 0):
 garbage-first heap   total 360448K, used 345326K [0x0000000080000000, 0x0000000100000000)
  region size 1024K, 17 young (17408K), 1 survivors (1024K)
 Metaspace       used 119794K, committed 120704K, reserved 1179648K
  class space    used 16145K, committed 16640K, reserved 1048576K
}
Event: 233.726 GC heap after
{Heap after GC invocations=102 (full 0):
 garbage-first heap   total 360448K, used 313501K [0x0000000080000000, 0x0000000100000000)
  region size 1024K, 3 young (3072K), 3 survivors (3072K)
 Metaspace       used 119794K, committed 120704K, reserved 1179648K
  class space    used 16145K, committed 16640K, reserved 1048576K
}
Event: 233.741 GC heap before
{Heap before GC invocations=102 (full 0):
 garbage-first heap   total 360448K, used 349341K [0x0000000080000000, 0x0000000100000000)
  region size 1024K, 11 young (11264K), 3 survivors (3072K)
 Metaspace       used 119795K, committed 120704K, reserved 1179648K
  class space    used 16145K, committed 16640K, reserved 1048576K
}

